\BOOKMARK [0][-]{chapter.1}{\376\377\000M\000e\000m\000o\000r\000y\000\040\000h\000i\000e\000r\000a\000r\000c\000h\000y}{}% 1
\BOOKMARK [1][-]{section.1.1}{\376\377\000C\000o\000m\000p\000u\000t\000a\000t\000i\000o\000n\000a\000l\000\040\000m\000o\000d\000e\000l\000s}{chapter.1}% 2
\BOOKMARK [0][-]{chapter.2}{\376\377\000S\000o\000r\000t\000i\000n\000g\000\040\000o\000n\000\040\000E\000x\000t\000e\000r\000n\000a\000l\000\040\000M\000e\000m\000o\000r\000i\000e\000s}{}% 3
\BOOKMARK [1][-]{section.2.1}{\376\377\000M\000/\000B\000\040\000M\000e\000r\000g\000e\000S\000o\000r\000t}{chapter.2}% 4
\BOOKMARK [2][-]{subsection.2.1.1}{\376\377\000C\000o\000m\000p\000a\000r\000e\000\040\000w\000i\000t\000h\000\040\0002\000-\000M\000e\000r\000g\000e\000S\000o\000r\000t}{section.2.1}% 5
\BOOKMARK [0][-]{chapter.3}{\376\377\000S\000e\000a\000r\000c\000h\000i\000n\000g\000\040\000o\000n\000\040\000E\000x\000t\000e\000r\000n\000a\000l\000\040\000M\000e\000m\000o\000r\000i\000e\000s}{}% 6
\BOOKMARK [1][-]{section.3.1}{\376\377\000P\000r\000o\000b\000l\000e\000m\000\040\000d\000e\000s\000c\000r\000i\000p\000t\000i\000o\000n}{chapter.3}% 7
\BOOKMARK [1][-]{section.3.2}{\376\377\000S\000t\000r\000u\000c\000t\000u\000r\000e\000s\000\040\000f\000o\000r\000\040\000i\000n\000d\000e\000x\000\040\000r\000e\000p\000r\000e\000s\000e\000n\000t\000a\000t\000i\000o\000n}{chapter.3}% 8
\BOOKMARK [2][-]{subsection.3.2.1}{\376\377\000S\000e\000q\000u\000e\000n\000t\000i\000a\000l\000\040\000m\000e\000t\000h\000o\000d}{section.3.2}% 9
\BOOKMARK [2][-]{subsection.3.2.2}{\376\377\000G\000r\000o\000u\000p\000e\000d\000\040\000m\000e\000t\000h\000o\000d}{section.3.2}% 10
\BOOKMARK [2][-]{subsection.3.2.3}{\376\377\000A\000c\000t\000i\000v\000e\000\040\000p\000a\000g\000e\000s\000\040\000m\000e\000t\000h\000o\000d}{section.3.2}% 11
\BOOKMARK [0][-]{chapter.4}{\376\377\000B\000-\000T\000r\000e\000e\000s}{}% 12
\BOOKMARK [1][-]{section.4.1}{\376\377\000S\000e\000a\000r\000c\000h\000i\000n\000g\000\040\000o\000n\000\040\000B\000-\000T\000r\000e\000e\000s}{chapter.4}% 13
\BOOKMARK [1][-]{section.4.2}{\376\377\000I\000n\000s\000e\000r\000t\000i\000o\000n\000\040\000o\000n\000\040\000B\000-\000T\000r\000e\000e\000s}{chapter.4}% 14
\BOOKMARK [1][-]{section.4.3}{\376\377\000D\000e\000l\000e\000t\000i\000o\000n\000\040\000f\000r\000o\000m\000\040\000B\000-\000T\000r\000e\000e\000s}{chapter.4}% 15
\BOOKMARK [0][-]{chapter.5}{\376\377\000B\000+\000\040\000T\000r\000e\000e\000s}{}% 16
\BOOKMARK [1][-]{section.5.1}{\376\377\000S\000e\000a\000r\000c\000h\000i\000n\000g\000\040\000o\000n\000\040\000B\000+\000\040\000T\000r\000e\000e\000s}{chapter.5}% 17
\BOOKMARK [1][-]{section.5.2}{\376\377\000I\000n\000s\000e\000r\000t\000i\000o\000n\000\040\000o\000n\000\040\000B\000+\000\040\000T\000r\000e\000e\000s}{chapter.5}% 18
\BOOKMARK [1][-]{section.5.3}{\376\377\000D\000e\000l\000e\000t\000i\000o\000n\000\040\000o\000n\000\040\000B\000+\000\040\000T\000r\000e\000e\000s}{chapter.5}% 19
\BOOKMARK [1][-]{section.5.4}{\376\377\000R\000a\000n\000g\000e\000\040\000q\000u\000e\000r\000y\000\040\000o\000n\000\040\000B\000+\000\040\000T\000r\000e\000e\000s}{chapter.5}% 20
\BOOKMARK [0][-]{chapter.6}{\376\377\000H\000a\000s\000h\000\040\000t\000a\000b\000l\000e\000s}{}% 21
\BOOKMARK [1][-]{section.6.1}{\376\377\000C\000o\000l\000l\000i\000s\000i\000o\000n\000\040\000r\000e\000s\000o\000l\000u\000t\000i\000o\000n\000\040\000m\000e\000t\000h\000o\000d\000s}{chapter.6}% 22
\BOOKMARK [1][-]{section.6.2}{\376\377\000H\000a\000s\000h\000\040\000i\000n\000\040\000e\000x\000t\000e\000r\000n\000a\000l\000\040\000m\000e\000m\000o\000r\000y}{chapter.6}% 23
\BOOKMARK [2][-]{subsection.6.2.1}{\376\377\000S\000t\000a\000t\000i\000c\000\040\000h\000a\000s\000h\000i\000n\000g}{section.6.2}% 24
\BOOKMARK [2][-]{subsection.6.2.2}{\376\377\000D\000y\000n\000a\000m\000i\000c\000\040\000h\000a\000s\000h\000i\000n\000g}{section.6.2}% 25
\BOOKMARK [2][-]{subsection.6.2.3}{\376\377\000E\000x\000t\000e\000n\000d\000i\000b\000l\000e\000\040\000h\000a\000s\000h\000i\000n\000g\000,\000\040\000m\000e\000t\000h\000o\000d\000s\000\040\000w\000i\000t\000h\000\040\000d\000i\000r\000e\000c\000t\000o\000r\000y}{section.6.2}% 26
\BOOKMARK [2][-]{subsection.6.2.4}{\376\377\000V\000i\000r\000t\000u\000a\000l\000\040\000h\000a\000s\000h\000i\000n\000g}{section.6.2}% 27
